\BOOKMARK [0][-]{chapter*.5}{\376\377\000P\000o\000d\001\033\000k\000o\000v\000\341\000n\000\355}{}% 1
\BOOKMARK [0][-]{chapter*.6}{\376\377\000P\000r\000o\000h\000l\000\341\001\141\000e\000n\000\355}{}% 2
\BOOKMARK [0][-]{chapter*.7}{\376\377\000A\000b\000s\000t\000r\000a\000k\000t}{}% 3
\BOOKMARK [0][-]{chapter*.8}{\376\377\000S\000h\000r\000n\000u\000t\000\355}{}% 4
\BOOKMARK [0][-]{chapter*.9}{\376\377\000S\000e\000z\000n\000a\000m\000\040\000z\000k\000r\000a\000t\000e\000k}{}% 5
\BOOKMARK [0][-]{chapter.1}{\376\377\000\332\000v\000o\000d}{}% 6
\BOOKMARK [1][-]{section.1.1}{\376\377\000H\000l\000a\000s\000o\000v\000\341\000n\000\355\000\040\000v\000\040\000p\000o\000s\000l\000a\000n\000e\000c\000k\000\351\000\040\000s\000n\001\033\000m\000o\000v\000n\001\033}{chapter.1}% 7
\BOOKMARK [1][-]{section.1.2}{\376\377\000W\000e\000b\000o\000v\000\375\000\040\000p\000o\000r\000t\000\341\000l\000\040\000p\000s\000p\000.\000c\000z}{chapter.1}% 8
\BOOKMARK [1][-]{section.1.3}{\376\377\000M\000o\000t\000i\000v\000a\000c\000e\000\040\000p\000r\000o\000\040\000t\000u\000t\000o\000\040\000p\000r\000\341\000c\000i}{chapter.1}% 9
\BOOKMARK [0][-]{chapter.2}{\376\377\000F\000u\000n\000k\001\015\000n\000\355\000\040\000a\000\040\000n\000e\000f\000u\000n\000k\001\015\000n\000\355\000\040\000p\000o\001\176\000a\000d\000a\000v\000k\000y}{}% 10
\BOOKMARK [1][-]{section.2.1}{\376\377\000F\000u\000n\000k\001\015\000n\000\355\000\040\000p\000o\001\176\000a\000d\000a\000v\000k\000y}{chapter.2}% 11
\BOOKMARK [1][-]{section.2.2}{\376\377\000N\000e\000f\000u\000n\000k\001\015\000n\000\355\000\040\000p\000o\001\176\000a\000d\000a\000v\000k\000y}{chapter.2}% 12
\BOOKMARK [0][-]{chapter.3}{\376\377\000A\000n\000a\000l\000\375\000z\000a}{}% 13
\BOOKMARK [1][-]{section.3.1}{\376\377\000P\000o\000d\000o\000b\000n\000\351\000\040\000a\000p\000l\000i\000k\000a\000c\000e}{chapter.3}% 14
\BOOKMARK [2][-]{subsection.3.1.1}{\376\377\000p\000o\000l\000i\000t\000i\000s\000c\000o\000p\000e}{section.3.1}% 15
\BOOKMARK [2][-]{subsection.3.1.2}{\376\377\000E\000l\000e\000c\000t\000i\000o\000n\000\040\000T\000r\000a\000c\000k\000e\000r\000\040\000-\000\040\000U\000S\000\040\000e\000l\000e\000c\000t\000i\000o\000n}{section.3.1}% 16
\BOOKMARK [2][-]{subsection.3.1.3}{\376\377\000E\000l\000e\000c\000t\000i\000o\000n\000\040\000P\000o\000l\000l\000s\000\040\000U\000S}{section.3.1}% 17
\BOOKMARK [1][-]{section.3.2}{\376\377\000Z\000d\000r\000o\000j\000o\000v\000\341\000\040\000d\000a\000t\000a}{chapter.3}% 18
\BOOKMARK [2][-]{subsection.3.2.1}{\376\377\000Z\000d\000r\000o\000j}{section.3.2}% 19
\BOOKMARK [2][-]{subsection.3.2.2}{\376\377\000F\000o\000r\000m\000\341\000t\000\040\000d\000a\000t}{section.3.2}% 20
\BOOKMARK [2][-]{subsection.3.2.3}{\376\377\000A\000k\000t\000u\000a\000l\000i\000z\000a\000c\000e}{section.3.2}% 21
\BOOKMARK [2][-]{subsection.3.2.4}{\376\377\000K\000\363\000d\000o\000v\000\341\000n\000\355}{section.3.2}% 22
\BOOKMARK [2][-]{subsection.3.2.5}{\376\377\000D\000a\000t\000o\000v\000\351\000\040\000t\000y\000p\000y}{section.3.2}% 23
\BOOKMARK [0][-]{chapter.4}{\376\377\000N\000\341\000v\000r\000h}{}% 24
\BOOKMARK [1][-]{section.4.1}{\376\377\000U\001\176\000i\000v\000a\000t\000e\000l\000s\000k\000\351\000\040\000r\000o\000z\000h\000r\000a\000n\000\355}{chapter.4}% 25
\BOOKMARK [1][-]{section.4.2}{\376\377\000R\000E\000S\000T\000\040\000A\000P\000I}{chapter.4}% 26
\BOOKMARK [1][-]{section.4.3}{\376\377\000D\000a\000t\000o\000v\000\341\000\040\000s\000t\000r\000u\000k\000t\000u\000r\000a}{chapter.4}% 27
\BOOKMARK [0][-]{chapter.5}{\376\377\000I\000m\000p\000l\000e\000m\000e\000n\000t\000a\000c\000e}{}% 28
\BOOKMARK [1][-]{section.5.1}{\376\377\000M\000o\000b\000i\000l\000n\000\355\000\040\000a\000p\000l\000i\000k\000a\000c\000e}{chapter.5}% 29
\BOOKMARK [1][-]{section.5.2}{\376\377\000B\000a\000c\000k\000e\000n\000d}{chapter.5}% 30
\BOOKMARK [0][-]{chapter.6}{\376\377\000T\000e\000s\000t\000o\000v\000\341\000n\000\355}{}% 31
\BOOKMARK [1][-]{section.6.1}{\376\377\000M\000o\000b\000i\000l\000n\000\355\000\040\000a\000p\000l\000i\000k\000a\000c\000e}{chapter.6}% 32
\BOOKMARK [1][-]{section.6.2}{\376\377\000B\000a\000c\000k\000e\000n\000d}{chapter.6}% 33
\BOOKMARK [0][-]{appendix.A}{\376\377\000N\001\033\000j\000a\000k\000\341\000\040\000p\001\131\000\355\000l\000o\000h\000a}{}% 34
\BOOKMARK [0][-]{appendix*.11}{\376\377\000O\000b\000s\000a\000h\000\040\000p\001\131\000i\000l\000o\001\176\000e\000n\000\351\000h\000o\000\040\000m\000\351\000d\000i\000a}{}% 35
