\BOOKMARK [0][-]{chapter*.5}{\376\377\000P\000o\000d\001\033\000k\000o\000v\000\341\000n\000\355}{}% 1
\BOOKMARK [0][-]{chapter*.6}{\376\377\000P\000r\000o\000h\000l\000\341\001\141\000e\000n\000\355}{}% 2
\BOOKMARK [0][-]{chapter*.7}{\376\377\000A\000b\000s\000t\000r\000a\000k\000t}{}% 3
\BOOKMARK [0][-]{chapter*.8}{\376\377\000S\000h\000r\000n\000u\000t\000\355}{}% 4
\BOOKMARK [0][-]{chapter*.9}{\376\377\000S\000e\000z\000n\000a\000m\000\040\000z\000k\000r\000a\000t\000e\000k}{}% 5
\BOOKMARK [0][-]{chapter.1}{\376\377\000C\000\355\000l\000e}{}% 6
\BOOKMARK [0][-]{chapter.2}{\376\377\000P\000o\000s\000l\000a\000n\000e\000c\000k\000\341\000\040\000s\000n\001\033\000m\000o\000v\000n\000a}{}% 7
\BOOKMARK [1][-]{section.2.1}{\376\377\000P\000o\000s\000l\000a\000n\000e\000c\000k\000\341\000\040\000s\000n\001\033\000m\000o\000v\000n\000a}{chapter.2}% 8
\BOOKMARK [1][-]{section.2.2}{\376\377\000H\000l\000a\000s\000o\000v\000\341\000n\000\355\000\040\000v\000\040\000p\000o\000s\000l\000a\000n\000e\000c\000k\000\351\000\040\000s\000n\001\033\000m\000o\000v\000n\001\033}{chapter.2}% 9
\BOOKMARK [1][-]{section.2.3}{\376\377\000W\000e\000b\000o\000v\000\375\000\040\000p\000o\000r\000t\000\341\000l\000\040\000p\000s\000p\000.\000c\000z}{chapter.2}% 10
\BOOKMARK [1][-]{section.2.4}{\376\377\000M\000o\000t\000i\000v\000a\000c\000e\000\040\000p\000r\000o\000\040\000t\000u\000t\000o\000\040\000p\000r\000\341\000c\000i}{chapter.2}% 11
\BOOKMARK [0][-]{chapter.3}{\376\377\000F\000u\000n\000k\001\015\000n\000\355\000\040\000a\000\040\000n\000e\000f\000u\000n\000k\001\015\000n\000\355\000\040\000p\000o\001\176\000a\000d\000a\000v\000k\000y}{}% 12
\BOOKMARK [1][-]{section.3.1}{\376\377\000F\000u\000n\000k\001\015\000n\000\355\000\040\000p\000o\001\176\000a\000d\000a\000v\000k\000y}{chapter.3}% 13
\BOOKMARK [1][-]{section.3.2}{\376\377\000N\000e\000f\000u\000n\000k\001\015\000n\000\355\000\040\000p\000o\001\176\000a\000d\000a\000v\000k\000y}{chapter.3}% 14
\BOOKMARK [0][-]{chapter.4}{\376\377\000A\000n\000a\000l\000\375\000z\000a\000\040\000e\000x\000i\000s\000t\000u\000j\000\355\000c\000\355\000c\000h\000\040\001\131\000e\001\141\000e\000n\000\355}{}% 15
\BOOKMARK [1][-]{section.4.1}{\376\377\000p\000o\000l\000i\000t\000i\000s\000c\000o\000p\000e}{chapter.4}% 16
\BOOKMARK [2][-]{subsection.4.1.1}{\376\377\000Z\000h\000o\000d\000n\000o\000c\000e\000n\000\355}{section.4.1}% 17
\BOOKMARK [1][-]{section.4.2}{\376\377\000C\000o\000n\000g\000r\000e\000s\000s}{chapter.4}% 18
\BOOKMARK [2][-]{subsection.4.2.1}{\376\377\000Z\000h\000o\000d\000n\000o\000c\000e\000n\000\355}{section.4.2}% 19
\BOOKMARK [0][-]{chapter.5}{\376\377\000A\000n\000a\000l\000\375\000z\000a\000\040\000z\000d\000r\000o\000j\000o\000v\000\375\000c\000h\000\040\000d\000a\000t}{}% 20
\BOOKMARK [1][-]{section.5.1}{\376\377\000Z\000d\000r\000o\000j\000o\000v\000\351\000\040\000s\000o\000u\000b\000o\000r\000y}{chapter.5}% 21
\BOOKMARK [1][-]{section.5.2}{\376\377\000F\000o\000r\000m\000\341\000t\000\040\000d\000a\000t}{chapter.5}% 22
\BOOKMARK [1][-]{section.5.3}{\376\377\000A\000k\000t\000u\000a\000l\000i\000z\000a\000c\000e}{chapter.5}% 23
\BOOKMARK [1][-]{section.5.4}{\376\377\000D\000a\000t\000o\000v\000\351\000\040\000t\000y\000p\000y}{chapter.5}% 24
\BOOKMARK [1][-]{section.5.5}{\376\377\000L\000i\000c\000e\000n\000c\000e}{chapter.5}% 25
\BOOKMARK [1][-]{section.5.6}{\376\377\000D\000a\000t\000o\000v\000\351\000\040\000s\000o\000u\000b\000o\000r\000y}{chapter.5}% 26
\BOOKMARK [1][-]{section.5.7}{\376\377\000T\000a\000b\000u\000l\000k\000y}{chapter.5}% 27
\BOOKMARK [0][-]{chapter.6}{\376\377\000A\000n\000a\000l\000\375\000z\000a\000\040\000s\000o\000f\000t\000w\000a\000r\000o\000v\000\375\000c\000h\000\040\000a\000r\000c\000h\000i\000t\000e\000k\000t\000u\000r}{}% 28
\BOOKMARK [1][-]{section.6.1}{\376\377\000M\000o\000b\000i\000l\000n\000\355\000\040\000a\000p\000l\000i\000k\000a\000c\000e}{chapter.6}% 29
\BOOKMARK [2][-]{subsection.6.1.1}{\376\377\000A\000r\000c\000h\000i\000t\000e\000k\000t\000u\000r\000a\000\040\000d\000o\000p\000o\000r\000u\001\015\000e\000n\000\341\000\040\000G\000o\000o\000g\000l\000e\000m}{section.6.1}% 30
\BOOKMARK [2][-]{subsection.6.1.2}{\376\377\000Z\000h\000o\000d\000n\000o\000c\000e\000n\000\355}{section.6.1}% 31
\BOOKMARK [1][-]{section.6.2}{\376\377\000B\000a\000c\000k\000e\000n\000d}{chapter.6}% 32
\BOOKMARK [2][-]{subsection.6.2.1}{\376\377\0005\000-\000v\000r\000s\000t\000v\000\341\000\040\000a\000r\000c\000h\000i\000t\000e\000k\000t\000u\000r\000a}{section.6.2}% 33
\BOOKMARK [2][-]{subsection.6.2.2}{\376\377\000Z\000h\000o\000d\000n\000o\000c\000e\000n\000\355}{section.6.2}% 34
\BOOKMARK [0][-]{chapter.7}{\376\377\000N\000\341\000v\000r\000h}{}% 35
\BOOKMARK [1][-]{section.7.1}{\376\377\000U\001\176\000i\000v\000a\000t\000e\000l\000s\000k\000\351\000\040\000r\000o\000z\000h\000r\000a\000n\000\355}{chapter.7}% 36
\BOOKMARK [1][-]{section.7.2}{\376\377\000R\000E\000S\000T\000\040\000A\000P\000I}{chapter.7}% 37
\BOOKMARK [1][-]{section.7.3}{\376\377\000D\000a\000t\000a\000b\000\341\000z\000o\000v\000\375\000\040\000m\000o\000d\000e\000l}{chapter.7}% 38
\BOOKMARK [0][-]{chapter.8}{\376\377\000I\000m\000p\000l\000e\000m\000e\000n\000t\000a\000c\000e}{}% 39
\BOOKMARK [1][-]{section.8.1}{\376\377\000M\000o\000b\000i\000l\000n\000\355\000\040\000a\000p\000l\000i\000k\000a\000c\000e}{chapter.8}% 40
\BOOKMARK [2][-]{subsection.8.1.1}{\376\377\000P\000o\000u\001\176\000i\000t\000\351\000\040\000n\000\341\000s\000t\000r\000o\000j\000e\000\040\000a\000\040\000t\000e\000c\000h\000n\000o\000l\000o\000g\000i\000e}{section.8.1}% 41
\BOOKMARK [2][-]{subsection.8.1.2}{\376\377\000I\000m\000p\000l\000e\000m\000e\000n\000t\000a\000c\000e\000\040\000u\001\176\000i\000v\000a\000t\000e\000l\000s\000k\000\351\000h\000o\000\040\000r\000o\000z\000h\000r\000a\000n\000\355}{section.8.1}% 42
\BOOKMARK [2][-]{subsection.8.1.3}{\376\377\000I\000m\000p\000l\000e\000m\000e\000n\000t\000a\000c\000e\000\040\000p\000r\000e\000z\000e\000n\000t\000a\001\015\000n\000\355\000\040\000v\000r\000s\000t\000v\000y}{section.8.1}% 43
\BOOKMARK [2][-]{subsection.8.1.4}{\376\377\000I\000m\000p\000l\000e\000m\000e\000n\000t\000a\000c\000e\000\040\000d\000o\000m\000\351\000n\000o\000v\000\351\000\040\000v\000r\000s\000t\000v\000y}{section.8.1}% 44
\BOOKMARK [2][-]{subsection.8.1.5}{\376\377\000I\000m\000p\000l\000e\000m\000e\000n\000t\000a\000c\000e\000\040\000d\000a\000t\000o\000v\000\351\000\040\000v\000r\000s\000t\000v\000y}{section.8.1}% 45
\BOOKMARK [2][-]{subsection.8.1.6}{\376\377\000I\000m\000p\000l\000e\000m\000e\000n\000t\000a\000c\000e\000\040\000s\000\355\001\145\000o\000v\000\351\000\040\000v\000r\000s\000t\000v\000y}{section.8.1}% 46
\BOOKMARK [1][-]{section.8.2}{\376\377\000B\000a\000c\000k\000e\000n\000d}{chapter.8}% 47
\BOOKMARK [2][-]{subsection.8.2.1}{\376\377\000P\000o\000u\001\176\000i\000t\000\351\000\040\000n\000\341\000s\000t\000r\000o\000j\000e\000\040\000a\000\040\000t\000e\000c\000h\000n\000o\000l\000o\000g\000i\000e}{section.8.2}% 48
\BOOKMARK [2][-]{subsection.8.2.2}{\376\377\000P\000r\000e\000z\000e\000n\000t\000a\001\015\000n\000\355\000\040\000v\000r\000s\000t\000v\000a}{section.8.2}% 49
\BOOKMARK [2][-]{subsection.8.2.3}{\376\377\000D\000o\000m\000\351\000n\000o\000v\000\341\000\040\000v\000r\000s\000t\000v\000a}{section.8.2}% 50
\BOOKMARK [2][-]{subsection.8.2.4}{\376\377\000D\000a\000t\000a\000b\000\341\000z\000o\000v\000\341\000\040\000v\000r\000s\000t\000v\000a}{section.8.2}% 51
\BOOKMARK [1][-]{section.8.3}{\376\377\000Z\000p\000r\000a\000c\000o\000v\000\341\000n\000\355\000\040\000d\000a\000t}{chapter.8}% 52
\BOOKMARK [2][-]{subsection.8.3.1}{\376\377\000S\000t\000a\000h\000o\000v\000\341\000n\000\355\000\040\000z\000d\000r\000o\000j\000o\000v\000\375\000c\000h\000\040\000s\000o\000u\000b\000o\000r\001\157}{section.8.3}% 53
\BOOKMARK [2][-]{subsection.8.3.2}{\376\377\000E\000x\000t\000r\000a\000k\000c\000e\000\040\000d\000a\000t\000o\000v\000\375\000c\000h\000\040\000s\000o\000u\000b\000o\000r\001\157}{section.8.3}% 54
\BOOKMARK [2][-]{subsection.8.3.3}{\376\377\000P\000r\000o\001\015\000i\001\141\000t\001\033\000n\000\355\000\040\000d\000a\000t}{section.8.3}% 55
\BOOKMARK [2][-]{subsection.8.3.4}{\376\377\000P\000a\000r\000s\000o\000v\000\341\000n\000\355\000\040\000d\000a\000t}{section.8.3}% 56
\BOOKMARK [2][-]{subsection.8.3.5}{\376\377\000T\000r\000a\000n\000s\000f\000o\000r\000m\000a\000c\000e\000\040\000a\000\040\000u\000l\000o\001\176\000e\000n\000\355\000\040\000d\000a\000t}{section.8.3}% 57
\BOOKMARK [0][-]{chapter.9}{\376\377\000T\000e\000s\000t\000o\000v\000\341\000n\000\355}{}% 58
\BOOKMARK [1][-]{section.9.1}{\376\377\000M\000o\000b\000i\000l\000n\000\355\000\040\000a\000p\000l\000i\000k\000a\000c\000e}{chapter.9}% 59
\BOOKMARK [1][-]{section.9.2}{\376\377\000B\000a\000c\000k\000e\000n\000d}{chapter.9}% 60
\BOOKMARK [0][-]{chapter.10}{\376\377\000N\000a\000s\000a\000z\000e\000n\000\355}{}% 61
\BOOKMARK [1][-]{section.10.1}{\376\377\000A\000p\000l\000i\000k\000a\000c\000e}{chapter.10}% 62
\BOOKMARK [1][-]{section.10.2}{\376\377\000B\000a\000c\000k\000e\000n\000d}{chapter.10}% 63
\BOOKMARK [0][-]{chapter.11}{\376\377\000S\000p\000u\001\141\000t\001\033\000n\000\355}{}% 64
\BOOKMARK [1][-]{section.11.1}{\376\377\000A\000p\000l\000i\000k\000a\000c\000e}{chapter.11}% 65
\BOOKMARK [1][-]{section.11.2}{\376\377\000B\000a\000c\000k\000e\000n\000d}{chapter.11}% 66
\BOOKMARK [0][-]{chapter.12}{\376\377\000Z\000\341\000v\001\033\000r}{}% 67
\BOOKMARK [0][-]{appendix.A}{\376\377\000P\001\131\000\355\000l\000o\000h\000a}{}% 68
\BOOKMARK [0][-]{appendix*.30}{\376\377\000O\000b\000s\000a\000h\000\040\000p\001\131\000i\000l\000o\001\176\000e\000n\000\351\000h\000o\000\040\000m\000\351\000d\000i\000a}{}% 69
